<?xml version="1.0" encoding="UTF-8"?>
<testng-results skipped="0" failed="0" total="2" passed="2">
  <reporter-output>
  </reporter-output>
  <suite name="DockerSelenium" duration-ms="25475" started-at="2022-01-16T15:30:05Z" finished-at="2022-01-16T15:30:30Z">
    <groups>
    </groups>
    <test name="GoogleSearchPageTest1" duration-ms="11468" started-at="2022-01-16T15:30:05Z" finished-at="2022-01-16T15:30:16Z">
      <class name="com.docker.testCases.GoogleSearchTest">
        <test-method status="PASS" signature="setUp(java.lang.String)[pri:0, instance:com.docker.testCases.GoogleSearchTest@5e025e70]" name="setUp" is-config="true" duration-ms="8884" started-at="2022-01-16T15:30:05Z" finished-at="2022-01-16T15:30:14Z">
          <params>
            <param index="0">
              <value>
                <![CDATA[chrome]]>
              </value>
            </param>
          </params>
          <reporter-output>
          </reporter-output>
        </test-method> <!-- setUp -->
        <test-method status="PASS" signature="searchPageTest(java.lang.String, int)[pri:0, instance:com.docker.testCases.GoogleSearchTest@5e025e70]" name="searchPageTest" duration-ms="2494" started-at="2022-01-16T15:30:14Z" finished-at="2022-01-16T15:30:16Z">
          <params>
            <param index="0">
              <value>
                <![CDATA[docker]]>
              </value>
            </param>
            <param index="1">
              <value>
                <![CDATA[3]]>
              </value>
            </param>
          </params>
          <reporter-output>
          </reporter-output>
        </test-method> <!-- searchPageTest -->
        <test-method status="PASS" signature="tearDown()[pri:0, instance:com.docker.testCases.GoogleSearchTest@5e025e70]" name="tearDown" is-config="true" duration-ms="85" started-at="2022-01-16T15:30:16Z" finished-at="2022-01-16T15:30:16Z">
          <reporter-output>
          </reporter-output>
        </test-method> <!-- tearDown -->
      </class> <!-- com.docker.testCases.GoogleSearchTest -->
    </test> <!-- GoogleSearchPageTest1 -->
    <test name="GoogleSearchPageTest2" duration-ms="13984" started-at="2022-01-16T15:30:16Z" finished-at="2022-01-16T15:30:30Z">
      <class name="com.docker.testCases.GoogleSearchTest">
        <test-method status="PASS" signature="setUp(java.lang.String)[pri:0, instance:com.docker.testCases.GoogleSearchTest@2f7c7260]" name="setUp" is-config="true" duration-ms="9692" started-at="2022-01-16T15:30:16Z" finished-at="2022-01-16T15:30:26Z">
          <params>
            <param index="0">
              <value>
                <![CDATA[firefox]]>
              </value>
            </param>
          </params>
          <reporter-output>
          </reporter-output>
        </test-method> <!-- setUp -->
        <test-method status="PASS" signature="searchPageTest(java.lang.String, int)[pri:0, instance:com.docker.testCases.GoogleSearchTest@2f7c7260]" name="searchPageTest" duration-ms="3685" started-at="2022-01-16T15:30:26Z" finished-at="2022-01-16T15:30:30Z">
          <params>
            <param index="0">
              <value>
                <![CDATA[selenium]]>
              </value>
            </param>
            <param index="1">
              <value>
                <![CDATA[2]]>
              </value>
            </param>
          </params>
          <reporter-output>
          </reporter-output>
        </test-method> <!-- searchPageTest -->
        <test-method status="PASS" signature="tearDown()[pri:0, instance:com.docker.testCases.GoogleSearchTest@2f7c7260]" name="tearDown" is-config="true" duration-ms="606" started-at="2022-01-16T15:30:30Z" finished-at="2022-01-16T15:30:30Z">
          <reporter-output>
          </reporter-output>
        </test-method> <!-- tearDown -->
      </class> <!-- com.docker.testCases.GoogleSearchTest -->
    </test> <!-- GoogleSearchPageTest2 -->
  </suite> <!-- DockerSelenium -->
</testng-results>
